<?xml version="1.0" encoding="UTF-8"?>
<!-- Generated by org.testng.reporters.JUnitReportReporter -->
<testsuite hostname="DESKTOP-5RHTPCO" failures="0" tests="5" name="TestRunner.Runner" time="0.348" errors="5" timestamp="2023-03-27T22:47:55 IST" skipped="0">
  <testcase classname="TestRunner.Runner" name="runScenario" time="0.313">
    <error message="Cannot invoke &quot;org.openqa.selenium.WebDriver.findElement(org.openqa.selenium.By)&quot; because &quot;Steps.AddUserSteps.driver&quot; is null" type="java.lang.NullPointerException">
      <![CDATA[java.lang.NullPointerException: Cannot invoke "org.openqa.selenium.WebDriver.findElement(org.openqa.selenium.By)" because "Steps.AddUserSteps.driver" is null
at Steps.AddUserSteps.userShouldLoginAsAnd(AddUserSteps.java:13)
at ✽.user should login as "admin" and "manager"(src\test\java\features\AddUser.feature:5)
]]>
    </error>
  </testcase> <!-- runScenario -->
  <system-out/>
  <testcase classname="TestRunner.Runner" name="runScenario" time="0.006">
    <error message="Cannot invoke &quot;org.openqa.selenium.WebDriver.findElement(org.openqa.selenium.By)&quot; because &quot;Steps.AddUserSteps.driver&quot; is null" type="java.lang.NullPointerException">
      <![CDATA[java.lang.NullPointerException: Cannot invoke "org.openqa.selenium.WebDriver.findElement(org.openqa.selenium.By)" because "Steps.AddUserSteps.driver" is null
at Steps.AddUserSteps.userShouldLoginAsAnd(AddUserSteps.java:13)
at ✽.user should login as "admin" and "manager"(src\test\java\features\AddUser.feature:5)
]]>
    </error>
  </testcase> <!-- runScenario -->
  <system-out/>
  <testcase classname="TestRunner.Runner" name="runScenario" time="0.008">
    <error message="Cannot invoke &quot;org.openqa.selenium.WebDriver.findElement(org.openqa.selenium.By)&quot; because &quot;Steps.LoginSteps.driver&quot; is null" type="java.lang.NullPointerException">
      <![CDATA[java.lang.NullPointerException: Cannot invoke "org.openqa.selenium.WebDriver.findElement(org.openqa.selenium.By)" because "Steps.LoginSteps.driver" is null
at Steps.LoginSteps.userEntersTheUsernameAs(LoginSteps.java:40)
at ✽.user enters the username as "admi"(src\test\java\features\Login.feature:14)
]]>
    </error>
  </testcase> <!-- runScenario -->
  <system-out/>
  <testcase classname="TestRunner.Runner" name="runScenario" time="0.015">
    <error message="Cannot invoke &quot;org.openqa.selenium.WebDriver.findElement(org.openqa.selenium.By)&quot; because &quot;Steps.LoginSteps.driver&quot; is null" type="java.lang.NullPointerException">
      <![CDATA[java.lang.NullPointerException: Cannot invoke "org.openqa.selenium.WebDriver.findElement(org.openqa.selenium.By)" because "Steps.LoginSteps.driver" is null
at Steps.LoginSteps.userEntersTheUsernameAs(LoginSteps.java:40)
at ✽.user enters the username as "admin"(src\test\java\features\Login.feature:6)
]]>
    </error>
  </testcase> <!-- runScenario -->
  <system-out/>
  <testcase classname="TestRunner.Runner" name="runScenario" time="0.006">
    <error message="Cannot invoke &quot;org.openqa.selenium.WebDriver.findElement(org.openqa.selenium.By)&quot; because &quot;Steps.LoginSteps.driver&quot; is null" type="java.lang.NullPointerException">
      <![CDATA[java.lang.NullPointerException: Cannot invoke "org.openqa.selenium.WebDriver.findElement(org.openqa.selenium.By)" because "Steps.LoginSteps.driver" is null
at Steps.LoginSteps.userEntersTheUsernameAs(LoginSteps.java:40)
at ✽.user enters the username as "adm"(src\test\java\features\Login.feature:21)
]]>
    </error>
  </testcase> <!-- runScenario -->
  <system-out/>
</testsuite> <!-- TestRunner.Runner -->
